Using pre-set license
Built from '2020.3/release' branch; Version is '2020.3.12f1 (b3b2c6512326) revision 11776710'; Using compiler version '192528614'; Build Type 'Release'
OS: 'Windows 10 Pro; OS build 17763.379; Version 1809; 64bit' Language: 'en' Physical Memory: 3986 MB
BatchMode: 1, IsHumanControllingUs: 0, StartBugReporterOnCrash: 0, Is64bit: 1, IsPro: 0

 COMMAND LINE ARGUMENTS:
C:\Program Files\Unity\Hub\Editor\2020.3.12f1\Editor\Unity.exe
-adb2
-batchMode
-noUpm
-name
AssetImportWorker0
-projectPath
H:/SourceTreeRepo/Pong/Pong
-logFile
Logs/AssetImportWorker0.log
-srvPort
63996
Successfully changed project path to: H:/SourceTreeRepo/Pong/Pong
H:/SourceTreeRepo/Pong/Pong
Using Asset Import Pipeline V2.
Refreshing native plugins compatible for Editor in 68.68 ms, found 2 plugins.
Preloading 0 native plugins for Editor in 0.00 ms.
Initialize engine version: 2020.3.12f1 (b3b2c6512326)
[Subsystems] Discovering subsystems at path C:/Program Files/Unity/Hub/Editor/2020.3.12f1/Editor/Data/Resources/UnitySubsystems
[Subsystems] Discovering subsystems at path H:/SourceTreeRepo/Pong/Pong/Assets
GfxDevice: creating device client; threaded=0
Direct3D:
    Version:  Direct3D 11.0 [level 11.1]
    Renderer: AMD Radeon (TM) R5 M330 (ID=0x6660)
    Vendor:   
    VRAM:     2039 MB
    Driver:   26.20.15029.27017
Initialize mono
Mono path[0] = 'C:/Program Files/Unity/Hub/Editor/2020.3.12f1/Editor/Data/Managed'
Mono path[1] = 'C:/Program Files/Unity/Hub/Editor/2020.3.12f1/Editor/Data/MonoBleedingEdge/lib/mono/unityjit'
Mono config path = 'C:/Program Files/Unity/Hub/Editor/2020.3.12f1/Editor/Data/MonoBleedingEdge/etc'
Using monoOptions --debugger-agent=transport=dt_socket,embedding=1,server=y,suspend=n,address=127.0.0.1:56768
Begin MonoManager ReloadAssembly
Registering precompiled unity dll's ...
Register platform support module: C:/Program Files/Unity/Hub/Editor/2020.3.12f1/Editor/Data/PlaybackEngines/WebGLSupport/UnityEditor.WebGL.Extensions.dll
Register platform support module: C:/Program Files/Unity/Hub/Editor/2020.3.12f1/Editor/Data/PlaybackEngines/WindowsStandaloneSupport/UnityEditor.WindowsStandalone.Extensions.dll
Registered in 0.002907 seconds.
Native extension for WindowsStandalone target not found
Native extension for WebGL target not found
Refreshing native plugins compatible for Editor in 64.65 ms, found 2 plugins.
Preloading 0 native plugins for Editor in 0.00 ms.
Mono: successfully reloaded assembly
- Completed reload, in  1.994 seconds
Platform modules already initialized, skipping
Registering precompiled user dll's ...
Registered in 0.004183 seconds.
Begin MonoManager ReloadAssembly
Native extension for WindowsStandalone target not found
Native extension for WebGL target not found
Refreshing native plugins compatible for Editor in 72.65 ms, found 2 plugins.
Preloading 0 native plugins for Editor in 0.00 ms.
Mono: successfully reloaded assembly
- Completed reload, in  1.645 seconds
Platform modules already initialized, skipping
========================================================================
Worker process is ready to serve import requests
Shader 'Universal Render Pipeline/Particles/Lit': fallback shader 'Universal Render Pipeline/Particles/SimpleLit' not found
Shader 'Universal Render Pipeline/Particles/Lit': fallback shader 'Universal Render Pipeline/Particles/SimpleLit' not found
Launched and connected shader compiler UnityShaderCompiler.exe after 0.15 seconds
Refreshing native plugins compatible for Editor in 1.09 ms, found 2 plugins.
Preloading 0 native plugins for Editor in 0.00 ms.
Unloading 2690 Unused Serialized files (Serialized files now loaded: 0)
System memory in use before: 120.9 MB.
System memory in use after: 118.0 MB.

Unloading 54 unused Assets to reduce memory usage. Loaded Objects now: 3087.
Total: 5.404300 ms (FindLiveObjects: 0.384900 ms CreateObjectMapping: 0.145800 ms MarkObjects: 3.042100 ms  DeleteObjects: 1.830000 ms)

AssetImportParameters requested are different than current active one (requested -> active):
  custom:framework-win-MediaFoundation: 216162199b28c13a410421893ffa2e32 -> 
  custom:video-decoder-ogg-theora: a1e56fd34408186e4bbccfd4996cb3dc -> 
  custom:container-muxer-webm: aa71ff27fc2769a1b78a27578f13a17b -> 
  custom:container-demuxer-webm: 4f35f7cbe854078d1ac9338744f61a02 -> 
  custom:container-demuxer-ogg: 62fdf1f143b41e24485cea50d1cbac27 -> 
  custom:video-encoder-webm-vp8: eb34c28f22e8b96e1ab97ce403110664 -> 
  custom:video-codec-MediaFoundation-h265: 746d11721c4dcdbdad8f713fa42b33f4 -> 
  custom:video-decoder-webm-vp8: 9c59270c3fd7afecdb556c50c9e8de78 -> 
  custom:audio-decoder-ogg-vorbis: bf7c407c2cedff20999df2af8eb42d56 -> 
  custom:audio-encoder-webm-vorbis: bf7c407c2cedff20999df2af8eb42d56 -> 
========================================================================
Received Import Request.
  path: Assets/Sprites/Background2_Pong.png
  artifactKey: Guid(864a2a8eca873404e9ed7fc3b7d931ec) Importer(815301076,1909f56bfc062723c751e8b465ee728b)
Start importing Assets/Sprites/Background2_Pong.png using Guid(864a2a8eca873404e9ed7fc3b7d931ec) Importer(815301076,1909f56bfc062723c751e8b465ee728b)  -> (artifact id: '065ff7e8be5aa1503b86bde10b05273d') in 0.279251 seconds 
  Import took 0.359134 seconds .

========================================================================
Received Import Request.
  Time since last request: 11.314514 seconds.
  path: Assets/Sprites/Background2_Pong.png
  artifactKey: Guid(864a2a8eca873404e9ed7fc3b7d931ec) Importer(815301076,1909f56bfc062723c751e8b465ee728b)
Start importing Assets/Sprites/Background2_Pong.png using Guid(864a2a8eca873404e9ed7fc3b7d931ec) Importer(815301076,1909f56bfc062723c751e8b465ee728b)  -> (artifact id: 'b203784d31823f01d4d66a0688a691b1') in 0.010305 seconds 
  Import took 0.060642 seconds .

========================================================================
Received Import Request.
  Time since last request: 8.231652 seconds.
  path: Assets/Sprites/Background2_Pong.png
  artifactKey: Guid(864a2a8eca873404e9ed7fc3b7d931ec) Importer(815301076,1909f56bfc062723c751e8b465ee728b)
Start importing Assets/Sprites/Background2_Pong.png using Guid(864a2a8eca873404e9ed7fc3b7d931ec) Importer(815301076,1909f56bfc062723c751e8b465ee728b)  -> (artifact id: 'bb9608789512448289857c708ecc83f9') in 0.011917 seconds 
  Import took 0.091855 seconds .

========================================================================
Received Import Request.
  Time since last request: 6.484916 seconds.
  path: Assets/Sprites/Background2_Pong.png
  artifactKey: Guid(864a2a8eca873404e9ed7fc3b7d931ec) Importer(815301076,1909f56bfc062723c751e8b465ee728b)
Start importing Assets/Sprites/Background2_Pong.png using Guid(864a2a8eca873404e9ed7fc3b7d931ec) Importer(815301076,1909f56bfc062723c751e8b465ee728b)  -> (artifact id: '241af4fe46b074c57a94e0c7597f0fd3') in 0.012073 seconds 
  Import took 0.049956 seconds .

========================================================================
Received Import Request.
  Time since last request: 19.848077 seconds.
  path: Assets/Sprites/Background2_Pong.png
  artifactKey: Guid(864a2a8eca873404e9ed7fc3b7d931ec) Importer(815301076,1909f56bfc062723c751e8b465ee728b)
Start importing Assets/Sprites/Background2_Pong.png using Guid(864a2a8eca873404e9ed7fc3b7d931ec) Importer(815301076,1909f56bfc062723c751e8b465ee728b)  -> (artifact id: '57db30f7b7326e1f088d73258003d633') in 0.011071 seconds 
  Import took 0.019783 seconds .

========================================================================
Received Import Request.
  Time since last request: 167.383132 seconds.
  path: Assets/Sprites/Background2_Pong.png
  artifactKey: Guid(864a2a8eca873404e9ed7fc3b7d931ec) Importer(815301076,1909f56bfc062723c751e8b465ee728b)
Start importing Assets/Sprites/Background2_Pong.png using Guid(864a2a8eca873404e9ed7fc3b7d931ec) Importer(815301076,1909f56bfc062723c751e8b465ee728b)  -> (artifact id: '35e2e99b8ed4706aa644d9ea62429ab2') in 0.044836 seconds 
  Import took 0.065378 seconds .

========================================================================
Received Prepare
Registering precompiled user dll's ...
Registered in 0.063867 seconds.
Begin MonoManager ReloadAssembly
Native extension for WindowsStandalone target not found
Native extension for WebGL target not found
Refreshing native plugins compatible for Editor in 0.62 ms, found 2 plugins.
Preloading 0 native plugins for Editor in 0.00 ms.
Mono: successfully reloaded assembly
- Completed reload, in  1.396 seconds
Platform modules already initialized, skipping
Shader 'Universal Render Pipeline/Particles/Lit': fallback shader 'Universal Render Pipeline/Particles/SimpleLit' not found
Shader 'Universal Render Pipeline/Particles/Lit': fallback shader 'Universal Render Pipeline/Particles/SimpleLit' not found
Refreshing native plugins compatible for Editor in 0.64 ms, found 2 plugins.
Preloading 0 native plugins for Editor in 0.00 ms.
Unloading 2615 Unused Serialized files (Serialized files now loaded: 0)
System memory in use before: 120.2 MB.
System memory in use after: 117.4 MB.

Unloading 49 unused Assets to reduce memory usage. Loaded Objects now: 3098.
Total: 5.688700 ms (FindLiveObjects: 0.358800 ms CreateObjectMapping: 0.138000 ms MarkObjects: 3.303900 ms  DeleteObjects: 1.886200 ms)

AssetImportParameters requested are different than current active one (requested -> active):
  custom:framework-win-MediaFoundation: 216162199b28c13a410421893ffa2e32 -> 
  custom:video-decoder-ogg-theora: a1e56fd34408186e4bbccfd4996cb3dc -> 
  custom:container-muxer-webm: aa71ff27fc2769a1b78a27578f13a17b -> 
  custom:container-demuxer-webm: 4f35f7cbe854078d1ac9338744f61a02 -> 
  custom:container-demuxer-ogg: 62fdf1f143b41e24485cea50d1cbac27 -> 
  custom:video-encoder-webm-vp8: eb34c28f22e8b96e1ab97ce403110664 -> 
  custom:video-codec-MediaFoundation-h265: 746d11721c4dcdbdad8f713fa42b33f4 -> 
  custom:video-decoder-webm-vp8: 9c59270c3fd7afecdb556c50c9e8de78 -> 
  custom:audio-decoder-ogg-vorbis: bf7c407c2cedff20999df2af8eb42d56 -> 
  custom:audio-encoder-webm-vorbis: bf7c407c2cedff20999df2af8eb42d56 -> 
========================================================================
Received Prepare
Registering precompiled user dll's ...
Registered in 0.119589 seconds.
Begin MonoManager ReloadAssembly
Native extension for WindowsStandalone target not found
Native extension for WebGL target not found
Refreshing native plugins compatible for Editor in 0.61 ms, found 2 plugins.
Preloading 0 native plugins for Editor in 0.00 ms.
Mono: successfully reloaded assembly
- Completed reload, in  2.822 seconds
Platform modules already initialized, skipping
Shader 'Universal Render Pipeline/Particles/Lit': fallback shader 'Universal Render Pipeline/Particles/SimpleLit' not found
Shader 'Universal Render Pipeline/Particles/Lit': fallback shader 'Universal Render Pipeline/Particles/SimpleLit' not found
Refreshing native plugins compatible for Editor in 0.68 ms, found 2 plugins.
Preloading 0 native plugins for Editor in 0.00 ms.
Unloading 2615 Unused Serialized files (Serialized files now loaded: 0)
System memory in use before: 120.3 MB.
System memory in use after: 117.4 MB.

Unloading 49 unused Assets to reduce memory usage. Loaded Objects now: 3101.
Total: 6.937400 ms (FindLiveObjects: 0.449800 ms CreateObjectMapping: 0.285400 ms MarkObjects: 3.652300 ms  DeleteObjects: 2.547700 ms)

AssetImportParameters requested are different than current active one (requested -> active):
  custom:framework-win-MediaFoundation: 216162199b28c13a410421893ffa2e32 -> 
  custom:video-decoder-ogg-theora: a1e56fd34408186e4bbccfd4996cb3dc -> 
  custom:container-muxer-webm: aa71ff27fc2769a1b78a27578f13a17b -> 
  custom:container-demuxer-webm: 4f35f7cbe854078d1ac9338744f61a02 -> 
  custom:container-demuxer-ogg: 62fdf1f143b41e24485cea50d1cbac27 -> 
  custom:video-encoder-webm-vp8: eb34c28f22e8b96e1ab97ce403110664 -> 
  custom:video-codec-MediaFoundation-h265: 746d11721c4dcdbdad8f713fa42b33f4 -> 
  custom:video-decoder-webm-vp8: 9c59270c3fd7afecdb556c50c9e8de78 -> 
  custom:audio-decoder-ogg-vorbis: bf7c407c2cedff20999df2af8eb42d56 -> 
  custom:audio-encoder-webm-vorbis: bf7c407c2cedff20999df2af8eb42d56 -> 
========================================================================
Received Import Request.
  Time since last request: 874.630822 seconds.
  path: Assets/Sprites/Background2_Pong.png
  artifactKey: Guid(864a2a8eca873404e9ed7fc3b7d931ec) Importer(815301076,1909f56bfc062723c751e8b465ee728b)
Start importing Assets/Sprites/Background2_Pong.png using Guid(864a2a8eca873404e9ed7fc3b7d931ec) Importer(815301076,1909f56bfc062723c751e8b465ee728b)  -> (artifact id: '835e2369c015ed31ae9fe6d2972645e7') in 0.159484 seconds 
  Import took 0.296372 seconds .

========================================================================
Received Import Request.
  Time since last request: 4.896406 seconds.
  path: Assets/Sprites/Background2_Pong.png
  artifactKey: Guid(864a2a8eca873404e9ed7fc3b7d931ec) Importer(815301076,1909f56bfc062723c751e8b465ee728b)
Start importing Assets/Sprites/Background2_Pong.png using Guid(864a2a8eca873404e9ed7fc3b7d931ec) Importer(815301076,1909f56bfc062723c751e8b465ee728b)  -> (artifact id: 'b8f73f128a2a6ddecabe348c5a90d9a4') in 0.014006 seconds 
  Import took 0.084325 seconds .

========================================================================
Received Import Request.
  Time since last request: 4.984316 seconds.
  path: Assets/Sprites/Background2_Pong.png
  artifactKey: Guid(864a2a8eca873404e9ed7fc3b7d931ec) Importer(815301076,1909f56bfc062723c751e8b465ee728b)
Start importing Assets/Sprites/Background2_Pong.png using Guid(864a2a8eca873404e9ed7fc3b7d931ec) Importer(815301076,1909f56bfc062723c751e8b465ee728b)  -> (artifact id: '68227e61647003caf6d52df8cc9a2c8f') in 0.014259 seconds 
  Import took 0.086994 seconds .

========================================================================
Received Import Request.
  Time since last request: 5.184970 seconds.
  path: Assets/Sprites/Background2_Pong.png
  artifactKey: Guid(864a2a8eca873404e9ed7fc3b7d931ec) Importer(815301076,1909f56bfc062723c751e8b465ee728b)
Start importing Assets/Sprites/Background2_Pong.png using Guid(864a2a8eca873404e9ed7fc3b7d931ec) Importer(815301076,1909f56bfc062723c751e8b465ee728b)  -> (artifact id: 'a0336db378d1a635d148e6d023d22205') in 0.013364 seconds 
  Import took 0.076442 seconds .

========================================================================
Received Prepare
Registering precompiled user dll's ...
Registered in 0.005291 seconds.
Begin MonoManager ReloadAssembly
Native extension for WindowsStandalone target not found
Native extension for WebGL target not found
Refreshing native plugins compatible for Editor in 1.26 ms, found 2 plugins.
Preloading 0 native plugins for Editor in 0.00 ms.
Mono: successfully reloaded assembly
- Completed reload, in  2.213 seconds
Platform modules already initialized, skipping
Shader 'Universal Render Pipeline/Particles/Lit': fallback shader 'Universal Render Pipeline/Particles/SimpleLit' not found
Shader 'Universal Render Pipeline/Particles/Lit': fallback shader 'Universal Render Pipeline/Particles/SimpleLit' not found
Refreshing native plugins compatible for Editor in 1.38 ms, found 2 plugins.
Preloading 0 native plugins for Editor in 0.00 ms.
Unloading 2615 Unused Serialized files (Serialized files now loaded: 0)
System memory in use before: 120.3 MB.
System memory in use after: 117.4 MB.

Unloading 49 unused Assets to reduce memory usage. Loaded Objects now: 3105.
Total: 9.779200 ms (FindLiveObjects: 0.682000 ms CreateObjectMapping: 0.395100 ms MarkObjects: 5.178100 ms  DeleteObjects: 3.511900 ms)

AssetImportParameters requested are different than current active one (requested -> active):
  custom:framework-win-MediaFoundation: 216162199b28c13a410421893ffa2e32 -> 
  custom:video-decoder-ogg-theora: a1e56fd34408186e4bbccfd4996cb3dc -> 
  custom:container-muxer-webm: aa71ff27fc2769a1b78a27578f13a17b -> 
  custom:container-demuxer-webm: 4f35f7cbe854078d1ac9338744f61a02 -> 
  custom:container-demuxer-ogg: 62fdf1f143b41e24485cea50d1cbac27 -> 
  custom:video-encoder-webm-vp8: eb34c28f22e8b96e1ab97ce403110664 -> 
  custom:video-codec-MediaFoundation-h265: 746d11721c4dcdbdad8f713fa42b33f4 -> 
  custom:video-decoder-webm-vp8: 9c59270c3fd7afecdb556c50c9e8de78 -> 
  custom:audio-decoder-ogg-vorbis: bf7c407c2cedff20999df2af8eb42d56 -> 
  custom:audio-encoder-webm-vorbis: bf7c407c2cedff20999df2af8eb42d56 -> 
========================================================================
Received Import Request.
  Time since last request: 105.450275 seconds.
  path: Assets/Sprites/Background2_Pong.png
  artifactKey: Guid(864a2a8eca873404e9ed7fc3b7d931ec) Importer(815301076,1909f56bfc062723c751e8b465ee728b)
Start importing Assets/Sprites/Background2_Pong.png using Guid(864a2a8eca873404e9ed7fc3b7d931ec) Importer(815301076,1909f56bfc062723c751e8b465ee728b)  -> (artifact id: 'c7b8926c2c975df8de2529ca409e7ccd') in 0.122201 seconds 
  Import took 0.454048 seconds .

========================================================================
Received Prepare
Registering precompiled user dll's ...
Registered in 0.005950 seconds.
Begin MonoManager ReloadAssembly
Native extension for WindowsStandalone target not found
Native extension for WebGL target not found
Refreshing native plugins compatible for Editor in 1.20 ms, found 2 plugins.
Preloading 0 native plugins for Editor in 0.00 ms.
Mono: successfully reloaded assembly
- Completed reload, in  2.117 seconds
Platform modules already initialized, skipping
Shader 'Universal Render Pipeline/Particles/Lit': fallback shader 'Universal Render Pipeline/Particles/SimpleLit' not found
Shader 'Universal Render Pipeline/Particles/Lit': fallback shader 'Universal Render Pipeline/Particles/SimpleLit' not found
Refreshing native plugins compatible for Editor in 1.24 ms, found 2 plugins.
Preloading 0 native plugins for Editor in 0.00 ms.
Unloading 2615 Unused Serialized files (Serialized files now loaded: 0)
System memory in use before: 120.4 MB.
System memory in use after: 117.5 MB.

Unloading 49 unused Assets to reduce memory usage. Loaded Objects now: 3109.
Total: 7.703700 ms (FindLiveObjects: 0.458200 ms CreateObjectMapping: 0.214800 ms MarkObjects: 4.588300 ms  DeleteObjects: 2.440100 ms)

AssetImportParameters requested are different than current active one (requested -> active):
  custom:framework-win-MediaFoundation: 216162199b28c13a410421893ffa2e32 -> 
  custom:video-decoder-ogg-theora: a1e56fd34408186e4bbccfd4996cb3dc -> 
  custom:container-muxer-webm: aa71ff27fc2769a1b78a27578f13a17b -> 
  custom:container-demuxer-webm: 4f35f7cbe854078d1ac9338744f61a02 -> 
  custom:container-demuxer-ogg: 62fdf1f143b41e24485cea50d1cbac27 -> 
  custom:video-encoder-webm-vp8: eb34c28f22e8b96e1ab97ce403110664 -> 
  custom:video-codec-MediaFoundation-h265: 746d11721c4dcdbdad8f713fa42b33f4 -> 
  custom:video-decoder-webm-vp8: 9c59270c3fd7afecdb556c50c9e8de78 -> 
  custom:audio-decoder-ogg-vorbis: bf7c407c2cedff20999df2af8eb42d56 -> 
  custom:audio-encoder-webm-vorbis: bf7c407c2cedff20999df2af8eb42d56 -> 
AssetImportWorkerClient::OnTransportError - code=2 error=End of file
