Using pre-set license
Built from '2020.3/release' branch; Version is '2020.3.12f1 (b3b2c6512326) revision 11776710'; Using compiler version '192528614'; Build Type 'Release'
OS: 'Windows 10 Pro; OS build 17763.379; Version 1809; 64bit' Language: 'en' Physical Memory: 3986 MB
BatchMode: 1, IsHumanControllingUs: 0, StartBugReporterOnCrash: 0, Is64bit: 1, IsPro: 0

 COMMAND LINE ARGUMENTS:
C:\Program Files\Unity\Hub\Editor\2020.3.12f1\Editor\Unity.exe
-adb2
-batchMode
-noUpm
-name
AssetImportWorker5
-projectPath
H:/SourceTreeRepo/Pong/Pong
-logFile
Logs/AssetImportWorker5.log
-srvPort
61487
Successfully changed project path to: H:/SourceTreeRepo/Pong/Pong
H:/SourceTreeRepo/Pong/Pong
Using Asset Import Pipeline V2.
Refreshing native plugins compatible for Editor in 64.81 ms, found 2 plugins.
Preloading 0 native plugins for Editor in 0.00 ms.
Initialize engine version: 2020.3.12f1 (b3b2c6512326)
[Subsystems] Discovering subsystems at path C:/Program Files/Unity/Hub/Editor/2020.3.12f1/Editor/Data/Resources/UnitySubsystems
[Subsystems] Discovering subsystems at path H:/SourceTreeRepo/Pong/Pong/Assets
GfxDevice: creating device client; threaded=0
Direct3D:
    Version:  Direct3D 11.0 [level 11.1]
    Renderer: AMD Radeon (TM) R5 M330 (ID=0x6660)
    Vendor:   
    VRAM:     2039 MB
    Driver:   26.20.15029.27017
Initialize mono
Mono path[0] = 'C:/Program Files/Unity/Hub/Editor/2020.3.12f1/Editor/Data/Managed'
Mono path[1] = 'C:/Program Files/Unity/Hub/Editor/2020.3.12f1/Editor/Data/MonoBleedingEdge/lib/mono/unityjit'
Mono config path = 'C:/Program Files/Unity/Hub/Editor/2020.3.12f1/Editor/Data/MonoBleedingEdge/etc'
Using monoOptions --debugger-agent=transport=dt_socket,embedding=1,server=y,suspend=n,address=127.0.0.1:56308
Begin MonoManager ReloadAssembly
Registering precompiled unity dll's ...
Register platform support module: C:/Program Files/Unity/Hub/Editor/2020.3.12f1/Editor/Data/PlaybackEngines/WebGLSupport/UnityEditor.WebGL.Extensions.dll
Register platform support module: C:/Program Files/Unity/Hub/Editor/2020.3.12f1/Editor/Data/PlaybackEngines/WindowsStandaloneSupport/UnityEditor.WindowsStandalone.Extensions.dll
Registered in 0.002816 seconds.
Native extension for WindowsStandalone target not found
Native extension for WebGL target not found
Refreshing native plugins compatible for Editor in 67.70 ms, found 2 plugins.
Preloading 0 native plugins for Editor in 0.00 ms.
Mono: successfully reloaded assembly
- Completed reload, in  2.286 seconds
Platform modules already initialized, skipping
Registering precompiled user dll's ...
Registered in 0.004534 seconds.
Begin MonoManager ReloadAssembly
Native extension for WindowsStandalone target not found
Native extension for WebGL target not found
Refreshing native plugins compatible for Editor in 65.45 ms, found 2 plugins.
Preloading 0 native plugins for Editor in 0.00 ms.
Mono: successfully reloaded assembly
- Completed reload, in  1.854 seconds
Platform modules already initialized, skipping
========================================================================
Worker process is ready to serve import requests
Shader 'Universal Render Pipeline/Particles/Lit': fallback shader 'Universal Render Pipeline/Particles/SimpleLit' not found
Shader 'Universal Render Pipeline/Particles/Lit': fallback shader 'Universal Render Pipeline/Particles/SimpleLit' not found
Launched and connected shader compiler UnityShaderCompiler.exe after 0.61 seconds
Refreshing native plugins compatible for Editor in 0.58 ms, found 2 plugins.
Preloading 0 native plugins for Editor in 0.00 ms.
Unloading 2640 Unused Serialized files (Serialized files now loaded: 0)
System memory in use before: 116.6 MB.
System memory in use after: 112.8 MB.

Unloading 70 unused Assets to reduce memory usage. Loaded Objects now: 3023.
Total: 5.836900 ms (FindLiveObjects: 0.385800 ms CreateObjectMapping: 0.185400 ms MarkObjects: 3.036900 ms  DeleteObjects: 2.227600 ms)

AssetImportParameters requested are different than current active one (requested -> active):
  custom:framework-win-MediaFoundation: 216162199b28c13a410421893ffa2e32 -> 
  custom:video-decoder-ogg-theora: a1e56fd34408186e4bbccfd4996cb3dc -> 
  custom:container-muxer-webm: aa71ff27fc2769a1b78a27578f13a17b -> 
  custom:container-demuxer-webm: 4f35f7cbe854078d1ac9338744f61a02 -> 
  custom:container-demuxer-ogg: 62fdf1f143b41e24485cea50d1cbac27 -> 
  custom:video-encoder-webm-vp8: eb34c28f22e8b96e1ab97ce403110664 -> 
  custom:video-codec-MediaFoundation-h265: 746d11721c4dcdbdad8f713fa42b33f4 -> 
  custom:video-decoder-webm-vp8: 9c59270c3fd7afecdb556c50c9e8de78 -> 
  custom:audio-decoder-ogg-vorbis: bf7c407c2cedff20999df2af8eb42d56 -> 
  custom:audio-encoder-webm-vorbis: bf7c407c2cedff20999df2af8eb42d56 -> 
========================================================================
Received Import Request.
  path: Assets/UniversalRenderPipelineAsset.asset
  artifactKey: Guid(6bedd80a33311e0478fb211e8473d281) Importer(815301076,1909f56bfc062723c751e8b465ee728b)
Start importing Assets/UniversalRenderPipelineAsset.asset using Guid(6bedd80a33311e0478fb211e8473d281) Importer(815301076,1909f56bfc062723c751e8b465ee728b)  -> (artifact id: '424f2f1e3adfc19db3d518514e0ce614') in 1.117363 seconds 
  Import took 1.139601 seconds .

========================================================================
Received Import Request.
  Time since last request: 0.000430 seconds.
  path: Assets/UniversalRenderPipelineAsset_Renderer.asset
  artifactKey: Guid(790447085f876b14bb564df20b220ab1) Importer(815301076,1909f56bfc062723c751e8b465ee728b)
Start importing Assets/UniversalRenderPipelineAsset_Renderer.asset using Guid(790447085f876b14bb564df20b220ab1) Importer(815301076,1909f56bfc062723c751e8b465ee728b)  -> (artifact id: '698cb11a4702fcf4adc8ddb126b8fde1') in 0.029836 seconds 
  Import took 0.038644 seconds .

========================================================================
Received Import Request.
  Time since last request: 0.000415 seconds.
  path: Assets/New 2D Renderer Data.asset
  artifactKey: Guid(e0441c669f3326843a3873c2e6975eab) Importer(815301076,1909f56bfc062723c751e8b465ee728b)
Start importing Assets/New 2D Renderer Data.asset using Guid(e0441c669f3326843a3873c2e6975eab) Importer(815301076,1909f56bfc062723c751e8b465ee728b)  -> (artifact id: 'ccff1603f672a847cc8bb31960bde104') in 0.032288 seconds 
  Import took 0.063265 seconds .

========================================================================
Received Import Request.
  Time since last request: 897.253812 seconds.
  path: Assets
  artifactKey: Guid(00000000000000001000000000000000) Importer(815301076,1909f56bfc062723c751e8b465ee728b)
Start importing Assets using Guid(00000000000000001000000000000000) Importer(815301076,1909f56bfc062723c751e8b465ee728b)  -> (artifact id: '42d402b061de3733987d63b9cc3b64de') in 0.005393 seconds 
  Import took 0.241735 seconds .

========================================================================
Received Prepare
Switching render pipeline 00000000000000000000000000000000 -> 6bedd80a33311e0478fb211e8473d281
Shader 'Universal Render Pipeline/Particles/Lit': fallback shader 'Universal Render Pipeline/Particles/SimpleLit' not found
Shader 'Universal Render Pipeline/Particles/Lit': fallback shader 'Universal Render Pipeline/Particles/SimpleLit' not found
Refreshing native plugins compatible for Editor in 6.16 ms, found 2 plugins.
Preloading 0 native plugins for Editor in 0.00 ms.
Unloading 111 Unused Serialized files (Serialized files now loaded: 0)
System memory in use before: 69.8 MB.
System memory in use after: 67.1 MB.

Unloading 48 unused Assets to reduce memory usage. Loaded Objects now: 3086.
Total: 11.190600 ms (FindLiveObjects: 0.641200 ms CreateObjectMapping: 0.348600 ms MarkObjects: 6.640500 ms  DeleteObjects: 3.557700 ms)

AssetImportParameters requested are different than current active one (requested -> active):
  custom:framework-win-MediaFoundation: 216162199b28c13a410421893ffa2e32 -> 
  custom:video-decoder-ogg-theora: a1e56fd34408186e4bbccfd4996cb3dc -> 
  custom:container-muxer-webm: aa71ff27fc2769a1b78a27578f13a17b -> 
  custom:container-demuxer-webm: 4f35f7cbe854078d1ac9338744f61a02 -> 
  custom:container-demuxer-ogg: 62fdf1f143b41e24485cea50d1cbac27 -> 
  custom:video-encoder-webm-vp8: eb34c28f22e8b96e1ab97ce403110664 -> 
  custom:video-codec-MediaFoundation-h265: 746d11721c4dcdbdad8f713fa42b33f4 -> 
  custom:video-decoder-webm-vp8: 9c59270c3fd7afecdb556c50c9e8de78 -> 
  custom:audio-decoder-ogg-vorbis: bf7c407c2cedff20999df2af8eb42d56 -> 
  custom:audio-encoder-webm-vorbis: bf7c407c2cedff20999df2af8eb42d56 -> 
========================================================================
Received Import Request.
  Time since last request: 16.148072 seconds.
  path: Assets/URPSettings
  artifactKey: Guid(f9550cc384fd92a4fac0683f37960787) Importer(815301076,1909f56bfc062723c751e8b465ee728b)
Start importing Assets/URPSettings using Guid(f9550cc384fd92a4fac0683f37960787) Importer(815301076,1909f56bfc062723c751e8b465ee728b)  -> (artifact id: '384bf4e5acd1fd23cb288de79dbb2a46') in 0.003576 seconds 
  Import took 0.180520 seconds .

========================================================================
Received Import Request.
  Time since last request: 0.605123 seconds.
  path: Assets/New 2D Renderer Data.asset
  artifactKey: Guid(e0441c669f3326843a3873c2e6975eab) Importer(815301076,1909f56bfc062723c751e8b465ee728b)
Start importing Assets/New 2D Renderer Data.asset using Guid(e0441c669f3326843a3873c2e6975eab) Importer(815301076,1909f56bfc062723c751e8b465ee728b)  -> (artifact id: '0f78c7ccf93ba0594249bff0d5c3a34c') in 0.137180 seconds 
  Import took 0.209791 seconds .

========================================================================
Received Import Request.
  Time since last request: 60.041546 seconds.
  path: Assets/WGJ205 Credits Potion 1.png
  artifactKey: Guid(36eee561d32540b40ad2ab5ca5f620a9) Importer(815301076,1909f56bfc062723c751e8b465ee728b)
Start importing Assets/WGJ205 Credits Potion 1.png using Guid(36eee561d32540b40ad2ab5ca5f620a9) Importer(815301076,1909f56bfc062723c751e8b465ee728b)  -> (artifact id: 'bb66909b85eed8e72225809b8649f942') in 0.916671 seconds 
  Import took 0.930995 seconds .

========================================================================
Received Import Request.
  Time since last request: 29.718003 seconds.
  path: Assets/URPSettings/New 2D Renderer Data.asset
  artifactKey: Guid(e0441c669f3326843a3873c2e6975eab) Importer(815301076,1909f56bfc062723c751e8b465ee728b)
Start importing Assets/URPSettings/New 2D Renderer Data.asset using Guid(e0441c669f3326843a3873c2e6975eab) Importer(815301076,1909f56bfc062723c751e8b465ee728b)  -> (artifact id: '901550514f0fd52c26e22c29a20d1982') in 0.019485 seconds 
  Import took 0.051728 seconds .

========================================================================
Received Import Request.
  Time since last request: 0.000329 seconds.
  path: Assets/URPSettings/UniversalRenderPipelineAsset.asset
  artifactKey: Guid(6bedd80a33311e0478fb211e8473d281) Importer(815301076,1909f56bfc062723c751e8b465ee728b)
Start importing Assets/URPSettings/UniversalRenderPipelineAsset.asset using Guid(6bedd80a33311e0478fb211e8473d281) Importer(815301076,1909f56bfc062723c751e8b465ee728b)  -> (artifact id: '2ac4285332e866fe330e16815a928b5c') in 0.003308 seconds 
  Import took 0.246325 seconds .

========================================================================
Received Import Request.
  Time since last request: 0.000365 seconds.
  path: Assets/URPSettings/UniversalRenderPipelineAsset_Renderer.asset
  artifactKey: Guid(790447085f876b14bb564df20b220ab1) Importer(815301076,1909f56bfc062723c751e8b465ee728b)
Start importing Assets/URPSettings/UniversalRenderPipelineAsset_Renderer.asset using Guid(790447085f876b14bb564df20b220ab1) Importer(815301076,1909f56bfc062723c751e8b465ee728b)  -> (artifact id: '7f2d6ce0c0ae288e31120103945e7756') in 0.004990 seconds 
  Import took 0.015040 seconds .

========================================================================
Received Prepare
Switching render pipeline 00000000000000000000000000000000 -> 6bedd80a33311e0478fb211e8473d281
Shader 'Universal Render Pipeline/Particles/Lit': fallback shader 'Universal Render Pipeline/Particles/SimpleLit' not found
Shader 'Universal Render Pipeline/Particles/Lit': fallback shader 'Universal Render Pipeline/Particles/SimpleLit' not found
Refreshing native plugins compatible for Editor in 5.72 ms, found 2 plugins.
Preloading 0 native plugins for Editor in 0.00 ms.
Unloading 50 Unused Serialized files (Serialized files now loaded: 0)
System memory in use before: 70.1 MB.
System memory in use after: 67.3 MB.

Unloading 48 unused Assets to reduce memory usage. Loaded Objects now: 3094.
Total: 9.034700 ms (FindLiveObjects: 0.656200 ms CreateObjectMapping: 0.317600 ms MarkObjects: 5.824600 ms  DeleteObjects: 2.233200 ms)

AssetImportParameters requested are different than current active one (requested -> active):
  custom:framework-win-MediaFoundation: 216162199b28c13a410421893ffa2e32 -> 
  custom:video-decoder-ogg-theora: a1e56fd34408186e4bbccfd4996cb3dc -> 
  custom:container-muxer-webm: aa71ff27fc2769a1b78a27578f13a17b -> 
  custom:container-demuxer-webm: 4f35f7cbe854078d1ac9338744f61a02 -> 
  custom:container-demuxer-ogg: 62fdf1f143b41e24485cea50d1cbac27 -> 
  custom:srp/default-shader: 0000e00a000e0de00000e000e02d0000 -> 0000e00a000e0de00000e000e0000000
  custom:video-encoder-webm-vp8: eb34c28f22e8b96e1ab97ce403110664 -> 
  custom:video-codec-MediaFoundation-h265: 746d11721c4dcdbdad8f713fa42b33f4 -> 
  custom:video-decoder-webm-vp8: 9c59270c3fd7afecdb556c50c9e8de78 -> 
  custom:audio-decoder-ogg-vorbis: bf7c407c2cedff20999df2af8eb42d56 -> 
  custom:audio-encoder-webm-vorbis: bf7c407c2cedff20999df2af8eb42d56 -> 
========================================================================
Received Import Request.
  Time since last request: 1931.593339 seconds.
  path: Assets/URPSettings/UniversalRenderPipelineAsset.asset
  artifactKey: Guid(6bedd80a33311e0478fb211e8473d281) Importer(815301076,1909f56bfc062723c751e8b465ee728b)
Start importing Assets/URPSettings/UniversalRenderPipelineAsset.asset using Guid(6bedd80a33311e0478fb211e8473d281) Importer(815301076,1909f56bfc062723c751e8b465ee728b)  -> (artifact id: 'c8b8045c33a7deee8fe8ae96347fdada') in 0.019394 seconds 
  Import took 0.056000 seconds .

