Using pre-set license
Built from '2020.3/release' branch; Version is '2020.3.12f1 (b3b2c6512326) revision 11776710'; Using compiler version '192528614'; Build Type 'Release'
OS: 'Windows 10 Pro; OS build 17763.379; Version 1809; 64bit' Language: 'en' Physical Memory: 3986 MB
BatchMode: 1, IsHumanControllingUs: 0, StartBugReporterOnCrash: 0, Is64bit: 1, IsPro: 0

 COMMAND LINE ARGUMENTS:
C:\Program Files\Unity\Hub\Editor\2020.3.12f1\Editor\Unity.exe
-adb2
-batchMode
-noUpm
-name
AssetImportWorker0
-projectPath
H:/SourceTreeRepo/Pong/Pong
-logFile
Logs/AssetImportWorker0.log
-srvPort
52360
Successfully changed project path to: H:/SourceTreeRepo/Pong/Pong
H:/SourceTreeRepo/Pong/Pong
Using Asset Import Pipeline V2.
Refreshing native plugins compatible for Editor in 93.92 ms, found 2 plugins.
Preloading 0 native plugins for Editor in 0.00 ms.
Initialize engine version: 2020.3.12f1 (b3b2c6512326)
[Subsystems] Discovering subsystems at path C:/Program Files/Unity/Hub/Editor/2020.3.12f1/Editor/Data/Resources/UnitySubsystems
[Subsystems] Discovering subsystems at path H:/SourceTreeRepo/Pong/Pong/Assets
GfxDevice: creating device client; threaded=0
Direct3D:
    Version:  Direct3D 11.0 [level 11.1]
    Renderer: AMD Radeon (TM) R5 M330 (ID=0x6660)
    Vendor:   
    VRAM:     2039 MB
    Driver:   26.20.15029.27017
Initialize mono
Mono path[0] = 'C:/Program Files/Unity/Hub/Editor/2020.3.12f1/Editor/Data/Managed'
Mono path[1] = 'C:/Program Files/Unity/Hub/Editor/2020.3.12f1/Editor/Data/MonoBleedingEdge/lib/mono/unityjit'
Mono config path = 'C:/Program Files/Unity/Hub/Editor/2020.3.12f1/Editor/Data/MonoBleedingEdge/etc'
Using monoOptions --debugger-agent=transport=dt_socket,embedding=1,server=y,suspend=n,address=127.0.0.1:56924
Begin MonoManager ReloadAssembly
Registering precompiled unity dll's ...
Register platform support module: C:/Program Files/Unity/Hub/Editor/2020.3.12f1/Editor/Data/PlaybackEngines/WebGLSupport/UnityEditor.WebGL.Extensions.dll
Register platform support module: C:/Program Files/Unity/Hub/Editor/2020.3.12f1/Editor/Data/PlaybackEngines/WindowsStandaloneSupport/UnityEditor.WindowsStandalone.Extensions.dll
Registered in 0.004370 seconds.
Native extension for WindowsStandalone target not found
Native extension for WebGL target not found
Refreshing native plugins compatible for Editor in 91.52 ms, found 2 plugins.
Preloading 0 native plugins for Editor in 0.00 ms.
Mono: successfully reloaded assembly
- Completed reload, in  2.402 seconds
Platform modules already initialized, skipping
Registering precompiled user dll's ...
Registered in 0.006259 seconds.
Begin MonoManager ReloadAssembly
Native extension for WindowsStandalone target not found
Native extension for WebGL target not found
Refreshing native plugins compatible for Editor in 104.36 ms, found 2 plugins.
Preloading 0 native plugins for Editor in 0.00 ms.
Mono: successfully reloaded assembly
- Completed reload, in  2.497 seconds
Platform modules already initialized, skipping
========================================================================
Worker process is ready to serve import requests
Shader 'Universal Render Pipeline/Particles/Lit': fallback shader 'Universal Render Pipeline/Particles/SimpleLit' not found
Shader 'Universal Render Pipeline/Particles/Lit': fallback shader 'Universal Render Pipeline/Particles/SimpleLit' not found
Launched and connected shader compiler UnityShaderCompiler.exe after 0.07 seconds
Refreshing native plugins compatible for Editor in 1.13 ms, found 2 plugins.
Preloading 0 native plugins for Editor in 0.00 ms.
Unloading 2690 Unused Serialized files (Serialized files now loaded: 0)
System memory in use before: 120.9 MB.
System memory in use after: 118.0 MB.

Unloading 54 unused Assets to reduce memory usage. Loaded Objects now: 3087.
Total: 8.892400 ms (FindLiveObjects: 0.451000 ms CreateObjectMapping: 0.292200 ms MarkObjects: 5.619300 ms  DeleteObjects: 2.527400 ms)

AssetImportParameters requested are different than current active one (requested -> active):
  custom:framework-win-MediaFoundation: 216162199b28c13a410421893ffa2e32 -> 
  custom:video-decoder-ogg-theora: a1e56fd34408186e4bbccfd4996cb3dc -> 
  custom:container-muxer-webm: aa71ff27fc2769a1b78a27578f13a17b -> 
  custom:container-demuxer-webm: 4f35f7cbe854078d1ac9338744f61a02 -> 
  custom:container-demuxer-ogg: 62fdf1f143b41e24485cea50d1cbac27 -> 
  custom:video-encoder-webm-vp8: eb34c28f22e8b96e1ab97ce403110664 -> 
  custom:video-codec-MediaFoundation-h265: 746d11721c4dcdbdad8f713fa42b33f4 -> 
  custom:video-decoder-webm-vp8: 9c59270c3fd7afecdb556c50c9e8de78 -> 
  custom:audio-decoder-ogg-vorbis: bf7c407c2cedff20999df2af8eb42d56 -> 
  custom:audio-encoder-webm-vorbis: bf7c407c2cedff20999df2af8eb42d56 -> 
========================================================================
Received Import Request.
  path: Assets/Sprites/Background2_Pong.png
  artifactKey: Guid(864a2a8eca873404e9ed7fc3b7d931ec) Importer(815301076,1909f56bfc062723c751e8b465ee728b)
Start importing Assets/Sprites/Background2_Pong.png using Guid(864a2a8eca873404e9ed7fc3b7d931ec) Importer(815301076,1909f56bfc062723c751e8b465ee728b)  -> (artifact id: '37fec64484242ea5878221cd6893d9b0') in 0.303822 seconds 
  Import took 0.311565 seconds .

========================================================================
Received Import Request.
  Time since last request: 0.001154 seconds.
  path: Assets/Sprites/GameUI.png
  artifactKey: Guid(36f3c4eca703d6d4aae8c050b343e143) Importer(815301076,1909f56bfc062723c751e8b465ee728b)
Start importing Assets/Sprites/GameUI.png using Guid(36f3c4eca703d6d4aae8c050b343e143) Importer(815301076,1909f56bfc062723c751e8b465ee728b)  -> (artifact id: '8f7fbf75e68baefd0f0ba565b53c1703') in 0.013185 seconds 
  Import took 0.048855 seconds .

========================================================================
Received Import Request.
  Time since last request: 77.396643 seconds.
  path: Assets/Sprites/Background2_Pong.png
  artifactKey: Guid(864a2a8eca873404e9ed7fc3b7d931ec) Importer(815301076,1909f56bfc062723c751e8b465ee728b)
Start importing Assets/Sprites/Background2_Pong.png using Guid(864a2a8eca873404e9ed7fc3b7d931ec) Importer(815301076,1909f56bfc062723c751e8b465ee728b)  -> (artifact id: '00b08e6e0e5f40ed8d48f6e60449df65') in 0.024381 seconds 
  Import took 0.062817 seconds .

========================================================================
Received Import Request.
  Time since last request: 0.001112 seconds.
  path: Assets/Sprites/Background2_Pong.png
  artifactKey: Guid(864a2a8eca873404e9ed7fc3b7d931ec) Importer(815301076,1909f56bfc062723c751e8b465ee728b)
Start importing Assets/Sprites/Background2_Pong.png using Guid(864a2a8eca873404e9ed7fc3b7d931ec) Importer(815301076,1909f56bfc062723c751e8b465ee728b)  -> (artifact id: '00b08e6e0e5f40ed8d48f6e60449df65') in 0.022302 seconds 
  Import took 0.034742 seconds .

========================================================================
Received Import Request.
  Time since last request: 0.000603 seconds.
  path: Assets/Sprites/GameUI.png
  artifactKey: Guid(36f3c4eca703d6d4aae8c050b343e143) Importer(815301076,1909f56bfc062723c751e8b465ee728b)
Start importing Assets/Sprites/GameUI.png using Guid(36f3c4eca703d6d4aae8c050b343e143) Importer(815301076,1909f56bfc062723c751e8b465ee728b)  -> (artifact id: 'd8136961ba2b9228829b3853182f197f') in 0.030150 seconds 
  Import took 0.138228 seconds .

========================================================================
Received Import Request.
  Time since last request: 23.035846 seconds.
  path: Assets/Sprites/GameUI.png
  artifactKey: Guid(36f3c4eca703d6d4aae8c050b343e143) Importer(815301076,1909f56bfc062723c751e8b465ee728b)
Start importing Assets/Sprites/GameUI.png using Guid(36f3c4eca703d6d4aae8c050b343e143) Importer(815301076,1909f56bfc062723c751e8b465ee728b)  -> (artifact id: '6a109f44179ce1e7c93d7b617d3121f7') in 0.014846 seconds 
  Import took 0.046252 seconds .

========================================================================
Received Import Request.
  Time since last request: 0.015369 seconds.
  path: Assets/Sprites/GameUI.png
  artifactKey: Guid(36f3c4eca703d6d4aae8c050b343e143) Importer(815301076,1909f56bfc062723c751e8b465ee728b)
Start importing Assets/Sprites/GameUI.png using Guid(36f3c4eca703d6d4aae8c050b343e143) Importer(815301076,1909f56bfc062723c751e8b465ee728b)  -> (artifact id: '6a109f44179ce1e7c93d7b617d3121f7') in 0.017022 seconds 
  Import took 0.027005 seconds .

========================================================================
Received Import Request.
  Time since last request: 4.114238 seconds.
  path: Assets/Sprites/GameUI.png
  artifactKey: Guid(36f3c4eca703d6d4aae8c050b343e143) Importer(815301076,1909f56bfc062723c751e8b465ee728b)
Start importing Assets/Sprites/GameUI.png using Guid(36f3c4eca703d6d4aae8c050b343e143) Importer(815301076,1909f56bfc062723c751e8b465ee728b)  -> (artifact id: 'aa7804b1d69597d0dfa5d7d967864cbc') in 0.013092 seconds 
  Import took 0.063256 seconds .

========================================================================
Received Import Request.
  Time since last request: 5.409678 seconds.
  path: Assets/Sprites/GameUI.png
  artifactKey: Guid(36f3c4eca703d6d4aae8c050b343e143) Importer(815301076,1909f56bfc062723c751e8b465ee728b)
Start importing Assets/Sprites/GameUI.png using Guid(36f3c4eca703d6d4aae8c050b343e143) Importer(815301076,1909f56bfc062723c751e8b465ee728b)  -> (artifact id: '89da95d8627dc10612ce52b59e5f6b2e') in 0.013494 seconds 
  Import took 0.109717 seconds .

========================================================================
Received Import Request.
  Time since last request: 2.799193 seconds.
  path: Assets/Sprites/GameUI.png
  artifactKey: Guid(36f3c4eca703d6d4aae8c050b343e143) Importer(815301076,1909f56bfc062723c751e8b465ee728b)
Start importing Assets/Sprites/GameUI.png using Guid(36f3c4eca703d6d4aae8c050b343e143) Importer(815301076,1909f56bfc062723c751e8b465ee728b)  -> (artifact id: 'c93ff02ffb1d20598e470d079ecb01ec') in 0.254357 seconds 
  Import took 0.321539 seconds .

========================================================================
Received Import Request.
  Time since last request: 6.535208 seconds.
  path: Assets/Sprites/GameUI.png
  artifactKey: Guid(36f3c4eca703d6d4aae8c050b343e143) Importer(815301076,1909f56bfc062723c751e8b465ee728b)
Start importing Assets/Sprites/GameUI.png using Guid(36f3c4eca703d6d4aae8c050b343e143) Importer(815301076,1909f56bfc062723c751e8b465ee728b)  -> (artifact id: 'df85124444cbbff675740b8865df6309') in 0.013190 seconds 
  Import took 0.043232 seconds .

========================================================================
Received Import Request.
  Time since last request: 0.015185 seconds.
  path: Assets/Sprites/GameUI.png
  artifactKey: Guid(36f3c4eca703d6d4aae8c050b343e143) Importer(815301076,1909f56bfc062723c751e8b465ee728b)
Start importing Assets/Sprites/GameUI.png using Guid(36f3c4eca703d6d4aae8c050b343e143) Importer(815301076,1909f56bfc062723c751e8b465ee728b)  -> (artifact id: 'df85124444cbbff675740b8865df6309') in 0.020601 seconds 
  Import took 0.029867 seconds .

========================================================================
Received Import Request.
  Time since last request: 84.302960 seconds.
  path: Assets/Sprites/GameUI.png
  artifactKey: Guid(36f3c4eca703d6d4aae8c050b343e143) Importer(815301076,1909f56bfc062723c751e8b465ee728b)
Start importing Assets/Sprites/GameUI.png using Guid(36f3c4eca703d6d4aae8c050b343e143) Importer(815301076,1909f56bfc062723c751e8b465ee728b)  -> (artifact id: 'eee549412feef1c7d579e44d8d03ad52') in 0.015518 seconds 
  Import took 0.031889 seconds .

========================================================================
Received Import Request.
  Time since last request: 0.032139 seconds.
  path: Assets/Sprites/GameUI.png
  artifactKey: Guid(36f3c4eca703d6d4aae8c050b343e143) Importer(815301076,1909f56bfc062723c751e8b465ee728b)
Start importing Assets/Sprites/GameUI.png using Guid(36f3c4eca703d6d4aae8c050b343e143) Importer(815301076,1909f56bfc062723c751e8b465ee728b)  -> (artifact id: 'eee549412feef1c7d579e44d8d03ad52') in 0.015797 seconds 
  Import took 0.026464 seconds .

========================================================================
Received Prepare
Registering precompiled user dll's ...
Registered in 0.009886 seconds.
Begin MonoManager ReloadAssembly
Native extension for WindowsStandalone target not found
Native extension for WebGL target not found
Refreshing native plugins compatible for Editor in 1.56 ms, found 2 plugins.
Preloading 0 native plugins for Editor in 0.00 ms.
Mono: successfully reloaded assembly
- Completed reload, in  3.785 seconds
Platform modules already initialized, skipping
Shader 'Universal Render Pipeline/Particles/Lit': fallback shader 'Universal Render Pipeline/Particles/SimpleLit' not found
Shader 'Universal Render Pipeline/Particles/Lit': fallback shader 'Universal Render Pipeline/Particles/SimpleLit' not found
Refreshing native plugins compatible for Editor in 2.69 ms, found 2 plugins.
Preloading 0 native plugins for Editor in 0.00 ms.
Unloading 2615 Unused Serialized files (Serialized files now loaded: 0)
System memory in use before: 120.3 MB.
System memory in use after: 117.5 MB.

Unloading 49 unused Assets to reduce memory usage. Loaded Objects now: 3096.
Total: 14.743800 ms (FindLiveObjects: 1.201500 ms CreateObjectMapping: 1.601400 ms MarkObjects: 6.837800 ms  DeleteObjects: 5.096400 ms)

AssetImportParameters requested are different than current active one (requested -> active):
  custom:framework-win-MediaFoundation: 216162199b28c13a410421893ffa2e32 -> 
  custom:video-decoder-ogg-theora: a1e56fd34408186e4bbccfd4996cb3dc -> 
  custom:container-muxer-webm: aa71ff27fc2769a1b78a27578f13a17b -> 
  custom:container-demuxer-webm: 4f35f7cbe854078d1ac9338744f61a02 -> 
  custom:container-demuxer-ogg: 62fdf1f143b41e24485cea50d1cbac27 -> 
  custom:video-encoder-webm-vp8: eb34c28f22e8b96e1ab97ce403110664 -> 
  custom:video-codec-MediaFoundation-h265: 746d11721c4dcdbdad8f713fa42b33f4 -> 
  custom:video-decoder-webm-vp8: 9c59270c3fd7afecdb556c50c9e8de78 -> 
  custom:audio-decoder-ogg-vorbis: bf7c407c2cedff20999df2af8eb42d56 -> 
  custom:audio-encoder-webm-vorbis: bf7c407c2cedff20999df2af8eb42d56 -> 
========================================================================
Received Import Request.
  Time since last request: 133.560678 seconds.
  path: Assets/PaddleMovement.cs
  artifactKey: Guid(f6ed4d9ee1bc41b449f1b5d1a53d7bbb) Importer(815301076,1909f56bfc062723c751e8b465ee728b)
Start importing Assets/PaddleMovement.cs using Guid(f6ed4d9ee1bc41b449f1b5d1a53d7bbb) Importer(815301076,1909f56bfc062723c751e8b465ee728b)  -> (artifact id: 'fbcfeac5c675ab496f911cc50ea8ff76') in 0.020754 seconds 
  Import took 0.031337 seconds .

========================================================================
Received Prepare
Registering precompiled user dll's ...
Registered in 0.035754 seconds.
Begin MonoManager ReloadAssembly
Native extension for WindowsStandalone target not found
Native extension for WebGL target not found
Refreshing native plugins compatible for Editor in 1.53 ms, found 2 plugins.
Preloading 0 native plugins for Editor in 0.00 ms.
Mono: successfully reloaded assembly
- Completed reload, in  5.020 seconds
Platform modules already initialized, skipping
Shader 'Universal Render Pipeline/Particles/Lit': fallback shader 'Universal Render Pipeline/Particles/SimpleLit' not found
Shader 'Universal Render Pipeline/Particles/Lit': fallback shader 'Universal Render Pipeline/Particles/SimpleLit' not found
Refreshing native plugins compatible for Editor in 0.79 ms, found 2 plugins.
Preloading 0 native plugins for Editor in 0.00 ms.
Unloading 2615 Unused Serialized files (Serialized files now loaded: 0)
System memory in use before: 120.4 MB.
System memory in use after: 117.5 MB.

Unloading 49 unused Assets to reduce memory usage. Loaded Objects now: 3099.
Total: 8.279500 ms (FindLiveObjects: 0.668300 ms CreateObjectMapping: 0.350600 ms MarkObjects: 4.835000 ms  DeleteObjects: 2.422500 ms)

AssetImportParameters requested are different than current active one (requested -> active):
  custom:framework-win-MediaFoundation: 216162199b28c13a410421893ffa2e32 -> 
  custom:video-decoder-ogg-theora: a1e56fd34408186e4bbccfd4996cb3dc -> 
  custom:container-muxer-webm: aa71ff27fc2769a1b78a27578f13a17b -> 
  custom:container-demuxer-webm: 4f35f7cbe854078d1ac9338744f61a02 -> 
  custom:container-demuxer-ogg: 62fdf1f143b41e24485cea50d1cbac27 -> 
  custom:video-encoder-webm-vp8: eb34c28f22e8b96e1ab97ce403110664 -> 
  custom:video-codec-MediaFoundation-h265: 746d11721c4dcdbdad8f713fa42b33f4 -> 
  custom:video-decoder-webm-vp8: 9c59270c3fd7afecdb556c50c9e8de78 -> 
  custom:audio-decoder-ogg-vorbis: bf7c407c2cedff20999df2af8eb42d56 -> 
  custom:audio-encoder-webm-vorbis: bf7c407c2cedff20999df2af8eb42d56 -> 
========================================================================
Received Prepare
Registering precompiled user dll's ...
Registered in 0.117569 seconds.
Begin MonoManager ReloadAssembly
Native extension for WindowsStandalone target not found
Native extension for WebGL target not found
Refreshing native plugins compatible for Editor in 1.24 ms, found 2 plugins.
Preloading 0 native plugins for Editor in 0.00 ms.
Mono: successfully reloaded assembly
- Completed reload, in  2.871 seconds
Platform modules already initialized, skipping
Shader 'Universal Render Pipeline/Particles/Lit': fallback shader 'Universal Render Pipeline/Particles/SimpleLit' not found
Shader 'Universal Render Pipeline/Particles/Lit': fallback shader 'Universal Render Pipeline/Particles/SimpleLit' not found
Refreshing native plugins compatible for Editor in 1.26 ms, found 2 plugins.
Preloading 0 native plugins for Editor in 0.00 ms.
Unloading 2615 Unused Serialized files (Serialized files now loaded: 0)
System memory in use before: 120.5 MB.
System memory in use after: 117.6 MB.

Unloading 49 unused Assets to reduce memory usage. Loaded Objects now: 3102.
Total: 9.678300 ms (FindLiveObjects: 0.677000 ms CreateObjectMapping: 0.385700 ms MarkObjects: 5.094600 ms  DeleteObjects: 3.518100 ms)

AssetImportParameters requested are different than current active one (requested -> active):
  custom:framework-win-MediaFoundation: 216162199b28c13a410421893ffa2e32 -> 
  custom:video-decoder-ogg-theora: a1e56fd34408186e4bbccfd4996cb3dc -> 
  custom:container-muxer-webm: aa71ff27fc2769a1b78a27578f13a17b -> 
  custom:container-demuxer-webm: 4f35f7cbe854078d1ac9338744f61a02 -> 
  custom:container-demuxer-ogg: 62fdf1f143b41e24485cea50d1cbac27 -> 
  custom:video-encoder-webm-vp8: eb34c28f22e8b96e1ab97ce403110664 -> 
  custom:video-codec-MediaFoundation-h265: 746d11721c4dcdbdad8f713fa42b33f4 -> 
  custom:video-decoder-webm-vp8: 9c59270c3fd7afecdb556c50c9e8de78 -> 
  custom:audio-decoder-ogg-vorbis: bf7c407c2cedff20999df2af8eb42d56 -> 
  custom:audio-encoder-webm-vorbis: bf7c407c2cedff20999df2af8eb42d56 -> 
========================================================================
Received Prepare
Registering precompiled user dll's ...
Registered in 0.007401 seconds.
Begin MonoManager ReloadAssembly
Native extension for WindowsStandalone target not found
Native extension for WebGL target not found
Refreshing native plugins compatible for Editor in 1.37 ms, found 2 plugins.
Preloading 0 native plugins for Editor in 0.00 ms.
Mono: successfully reloaded assembly
- Completed reload, in  2.619 seconds
Platform modules already initialized, skipping
Shader 'Universal Render Pipeline/Particles/Lit': fallback shader 'Universal Render Pipeline/Particles/SimpleLit' not found
Shader 'Universal Render Pipeline/Particles/Lit': fallback shader 'Universal Render Pipeline/Particles/SimpleLit' not found
Refreshing native plugins compatible for Editor in 1.33 ms, found 2 plugins.
Preloading 0 native plugins for Editor in 0.00 ms.
Unloading 2615 Unused Serialized files (Serialized files now loaded: 0)
System memory in use before: 120.5 MB.
System memory in use after: 117.6 MB.

Unloading 49 unused Assets to reduce memory usage. Loaded Objects now: 3105.
Total: 11.589400 ms (FindLiveObjects: 0.699400 ms CreateObjectMapping: 0.889400 ms MarkObjects: 5.307800 ms  DeleteObjects: 4.689700 ms)

AssetImportParameters requested are different than current active one (requested -> active):
  custom:framework-win-MediaFoundation: 216162199b28c13a410421893ffa2e32 -> 
  custom:video-decoder-ogg-theora: a1e56fd34408186e4bbccfd4996cb3dc -> 
  custom:container-muxer-webm: aa71ff27fc2769a1b78a27578f13a17b -> 
  custom:container-demuxer-webm: 4f35f7cbe854078d1ac9338744f61a02 -> 
  custom:container-demuxer-ogg: 62fdf1f143b41e24485cea50d1cbac27 -> 
  custom:video-encoder-webm-vp8: eb34c28f22e8b96e1ab97ce403110664 -> 
  custom:video-codec-MediaFoundation-h265: 746d11721c4dcdbdad8f713fa42b33f4 -> 
  custom:video-decoder-webm-vp8: 9c59270c3fd7afecdb556c50c9e8de78 -> 
  custom:audio-decoder-ogg-vorbis: bf7c407c2cedff20999df2af8eb42d56 -> 
  custom:audio-encoder-webm-vorbis: bf7c407c2cedff20999df2af8eb42d56 -> 
========================================================================
Received Prepare
Registering precompiled user dll's ...
Registered in 0.007317 seconds.
Begin MonoManager ReloadAssembly
Native extension for WindowsStandalone target not found
Native extension for WebGL target not found
Refreshing native plugins compatible for Editor in 0.75 ms, found 2 plugins.
Preloading 0 native plugins for Editor in 0.00 ms.
Mono: successfully reloaded assembly
- Completed reload, in  2.399 seconds
Platform modules already initialized, skipping
Shader 'Universal Render Pipeline/Particles/Lit': fallback shader 'Universal Render Pipeline/Particles/SimpleLit' not found
Shader 'Universal Render Pipeline/Particles/Lit': fallback shader 'Universal Render Pipeline/Particles/SimpleLit' not found
Refreshing native plugins compatible for Editor in 1.35 ms, found 2 plugins.
Preloading 0 native plugins for Editor in 0.00 ms.
Unloading 2615 Unused Serialized files (Serialized files now loaded: 0)
System memory in use before: 120.4 MB.
System memory in use after: 117.6 MB.

Unloading 49 unused Assets to reduce memory usage. Loaded Objects now: 3108.
Total: 9.747300 ms (FindLiveObjects: 0.638900 ms CreateObjectMapping: 0.377400 ms MarkObjects: 4.966000 ms  DeleteObjects: 3.762300 ms)

AssetImportParameters requested are different than current active one (requested -> active):
  custom:framework-win-MediaFoundation: 216162199b28c13a410421893ffa2e32 -> 
  custom:video-decoder-ogg-theora: a1e56fd34408186e4bbccfd4996cb3dc -> 
  custom:container-muxer-webm: aa71ff27fc2769a1b78a27578f13a17b -> 
  custom:container-demuxer-webm: 4f35f7cbe854078d1ac9338744f61a02 -> 
  custom:container-demuxer-ogg: 62fdf1f143b41e24485cea50d1cbac27 -> 
  custom:video-encoder-webm-vp8: eb34c28f22e8b96e1ab97ce403110664 -> 
  custom:video-codec-MediaFoundation-h265: 746d11721c4dcdbdad8f713fa42b33f4 -> 
  custom:video-decoder-webm-vp8: 9c59270c3fd7afecdb556c50c9e8de78 -> 
  custom:audio-decoder-ogg-vorbis: bf7c407c2cedff20999df2af8eb42d56 -> 
  custom:audio-encoder-webm-vorbis: bf7c407c2cedff20999df2af8eb42d56 -> 
========================================================================
Received Import Request.
  Time since last request: 668.059798 seconds.
  path: Assets/Sprites/GameUI.png
  artifactKey: Guid(36f3c4eca703d6d4aae8c050b343e143) Importer(815301076,1909f56bfc062723c751e8b465ee728b)
Start importing Assets/Sprites/GameUI.png using Guid(36f3c4eca703d6d4aae8c050b343e143) Importer(815301076,1909f56bfc062723c751e8b465ee728b)  -> (artifact id: '58c97cc1a6d802f25dfa10f6dd615279') in 0.287361 seconds 
  Import took 0.308019 seconds .

========================================================================
Received Import Request.
  Time since last request: 0.000379 seconds.
  path: Assets/Sprites/Net_Pong.png
  artifactKey: Guid(c93e2a132ebab2a4185f2943d7901363) Importer(815301076,1909f56bfc062723c751e8b465ee728b)
Start importing Assets/Sprites/Net_Pong.png using Guid(c93e2a132ebab2a4185f2943d7901363) Importer(815301076,1909f56bfc062723c751e8b465ee728b)  -> (artifact id: '7273daabf1b697c7527bb76acc010465') in 0.050561 seconds 
  Import took 0.057490 seconds .

========================================================================
Received Import Request.
  Time since last request: 23.427761 seconds.
  path: Assets/Sprites/Net_Pong.png
  artifactKey: Guid(c93e2a132ebab2a4185f2943d7901363) Importer(815301076,1909f56bfc062723c751e8b465ee728b)
Start importing Assets/Sprites/Net_Pong.png using Guid(c93e2a132ebab2a4185f2943d7901363) Importer(815301076,1909f56bfc062723c751e8b465ee728b)  -> (artifact id: 'c599b6fb58d0113898c598ae8c38c240') in 0.019160 seconds 
  Import took 0.039875 seconds .

========================================================================
Received Prepare
Registering precompiled user dll's ...
Registered in 0.074273 seconds.
Begin MonoManager ReloadAssembly
Native extension for WindowsStandalone target not found
Native extension for WebGL target not found
Refreshing native plugins compatible for Editor in 0.60 ms, found 2 plugins.
Preloading 0 native plugins for Editor in 0.00 ms.
Mono: successfully reloaded assembly
- Completed reload, in  1.491 seconds
Platform modules already initialized, skipping
Shader 'Universal Render Pipeline/Particles/Lit': fallback shader 'Universal Render Pipeline/Particles/SimpleLit' not found
Shader 'Universal Render Pipeline/Particles/Lit': fallback shader 'Universal Render Pipeline/Particles/SimpleLit' not found
Refreshing native plugins compatible for Editor in 0.64 ms, found 2 plugins.
Preloading 0 native plugins for Editor in 0.00 ms.
Unloading 2615 Unused Serialized files (Serialized files now loaded: 0)
System memory in use before: 120.5 MB.
System memory in use after: 117.6 MB.

Unloading 49 unused Assets to reduce memory usage. Loaded Objects now: 3114.
Total: 6.382900 ms (FindLiveObjects: 0.366900 ms CreateObjectMapping: 0.177400 ms MarkObjects: 3.532800 ms  DeleteObjects: 2.304100 ms)

AssetImportParameters requested are different than current active one (requested -> active):
  custom:framework-win-MediaFoundation: 216162199b28c13a410421893ffa2e32 -> 
  custom:video-decoder-ogg-theora: a1e56fd34408186e4bbccfd4996cb3dc -> 
  custom:container-muxer-webm: aa71ff27fc2769a1b78a27578f13a17b -> 
  custom:container-demuxer-webm: 4f35f7cbe854078d1ac9338744f61a02 -> 
  custom:container-demuxer-ogg: 62fdf1f143b41e24485cea50d1cbac27 -> 
  custom:video-encoder-webm-vp8: eb34c28f22e8b96e1ab97ce403110664 -> 
  custom:video-codec-MediaFoundation-h265: 746d11721c4dcdbdad8f713fa42b33f4 -> 
  custom:video-decoder-webm-vp8: 9c59270c3fd7afecdb556c50c9e8de78 -> 
  custom:audio-decoder-ogg-vorbis: bf7c407c2cedff20999df2af8eb42d56 -> 
  custom:audio-encoder-webm-vorbis: bf7c407c2cedff20999df2af8eb42d56 -> 
